<?xml version="1.0" encoding="UTF-8"?>
<!-- Generated by org.testng.reporters.JUnitReportReporter -->
<testsuite skipped="0" hostname="DESKTOP-HOMFOEC" name="DriverChrome.TestNGProject" tests="1" failures="0" timestamp="2020-06-30T09:28:11 IST" time="0.015" errors="0">
  <testcase name="TestN" time="0.015" classname="DriverChrome.TestNGProject"/>
  <system-out/>
</testsuite> <!-- DriverChrome.TestNGProject -->
